<?xml version="1.0" encoding="UTF-8"?>
<testsuite name="com.mindex.challenge.service.impl.EmployeeServiceImplTest" tests="1" skipped="0" failures="0" errors="0" timestamp="2023-09-21T16:04:14" hostname="richards-mbp.lan" time="0.022">
  <properties/>
  <testcase name="testCreateReadUpdate" classname="com.mindex.challenge.service.impl.EmployeeServiceImplTest" time="0.022"/>
  <system-out><![CDATA[2023-09-21 10:04:14.850  INFO 34548 --- [    Test worker] .b.t.c.SpringBootTestContextBootstrapper : Neither @ContextConfiguration nor @ContextHierarchy found for test class [com.mindex.challenge.service.impl.EmployeeServiceImplTest], using SpringBootContextLoader
2023-09-21 10:04:14.851  INFO 34548 --- [    Test worker] o.s.t.c.support.AbstractContextLoader    : Could not detect default resource locations for test class [com.mindex.challenge.service.impl.EmployeeServiceImplTest]: no resource found for suffixes {-context.xml, Context.groovy}.
2023-09-21 10:04:14.851  INFO 34548 --- [    Test worker] t.c.s.AnnotationConfigContextLoaderUtils : Could not detect default configuration classes for test class [com.mindex.challenge.service.impl.EmployeeServiceImplTest]: EmployeeServiceImplTest does not declare any static, non-private, non-final, nested classes annotated with @Configuration.
2023-09-21 10:04:14.853  INFO 34548 --- [    Test worker] .b.t.c.SpringBootTestContextBootstrapper : Found @SpringBootConfiguration com.mindex.challenge.ChallengeApplication for test class com.mindex.challenge.service.impl.EmployeeServiceImplTest
2023-09-21 10:04:14.854  INFO 34548 --- [    Test worker] .b.t.c.SpringBootTestContextBootstrapper : Loaded default TestExecutionListener class names from location [META-INF/spring.factories]: [org.springframework.boot.test.autoconfigure.restdocs.RestDocsTestExecutionListener, org.springframework.boot.test.autoconfigure.web.client.MockRestServiceServerResetTestExecutionListener, org.springframework.boot.test.autoconfigure.web.servlet.MockMvcPrintOnlyOnFailureTestExecutionListener, org.springframework.boot.test.autoconfigure.web.servlet.WebDriverTestExecutionListener, org.springframework.boot.test.mock.mockito.MockitoTestExecutionListener, org.springframework.boot.test.mock.mockito.ResetMocksTestExecutionListener, org.springframework.test.context.web.ServletTestExecutionListener, org.springframework.test.context.support.DirtiesContextBeforeModesTestExecutionListener, org.springframework.test.context.support.DependencyInjectionTestExecutionListener, org.springframework.test.context.support.DirtiesContextTestExecutionListener, org.springframework.test.context.transaction.TransactionalTestExecutionListener, org.springframework.test.context.jdbc.SqlScriptsTestExecutionListener, org.springframework.test.context.event.EventPublishingTestExecutionListener]
2023-09-21 10:04:14.854  INFO 34548 --- [    Test worker] .b.t.c.SpringBootTestContextBootstrapper : Using TestExecutionListeners: [org.springframework.test.context.web.ServletTestExecutionListener@1632aa08, org.springframework.test.context.support.DirtiesContextBeforeModesTestExecutionListener@6df0a373, org.springframework.boot.test.mock.mockito.MockitoTestExecutionListener@372aa62a, org.springframework.boot.test.autoconfigure.SpringBootDependencyInjectionTestExecutionListener@3e477af3, org.springframework.test.context.support.DirtiesContextTestExecutionListener@3da6e5d9, org.springframework.test.context.transaction.TransactionalTestExecutionListener@55253225, org.springframework.test.context.jdbc.SqlScriptsTestExecutionListener@375cd55d, org.springframework.test.context.event.EventPublishingTestExecutionListener@3249a1a7, org.springframework.boot.test.autoconfigure.restdocs.RestDocsTestExecutionListener@38cb121a, org.springframework.boot.test.autoconfigure.web.client.MockRestServiceServerResetTestExecutionListener@4403ab3c, org.springframework.boot.test.autoconfigure.web.servlet.MockMvcPrintOnlyOnFailureTestExecutionListener@152478dc, org.springframework.boot.test.autoconfigure.web.servlet.WebDriverTestExecutionListener@6a9fa746, org.springframework.boot.test.mock.mockito.ResetMocksTestExecutionListener@a2423cd]
2023-09-21 10:04:14.861 DEBUG 34548 --- [o-auto-1-exec-4] c.m.c.controller.EmployeeController      : Received employee create request for [com.mindex.challenge.data.Employee@51a185aa]
2023-09-21 10:04:14.861 DEBUG 34548 --- [o-auto-1-exec-4] c.m.c.service.impl.EmployeeServiceImpl   : Creating employee [com.mindex.challenge.data.Employee@51a185aa]
2023-09-21 10:04:14.866 DEBUG 34548 --- [o-auto-1-exec-5] c.m.c.controller.EmployeeController      : Received employee create request for id [aa0b0aca-106e-404e-a8d1-6003405da694]
2023-09-21 10:04:14.866 DEBUG 34548 --- [o-auto-1-exec-5] c.m.c.service.impl.EmployeeServiceImpl   : Creating employee with id [aa0b0aca-106e-404e-a8d1-6003405da694]
2023-09-21 10:04:14.874 DEBUG 34548 --- [o-auto-1-exec-6] c.m.c.controller.EmployeeController      : Received employee create request for id [aa0b0aca-106e-404e-a8d1-6003405da694] and employee [com.mindex.challenge.data.Employee@4e6ccfb2]
2023-09-21 10:04:14.874 DEBUG 34548 --- [o-auto-1-exec-6] c.m.c.service.impl.EmployeeServiceImpl   : Updating employee [com.mindex.challenge.data.Employee@4e6ccfb2]
]]></system-out>
  <system-err><![CDATA[]]></system-err>
</testsuite>
