<?xml version="1.0" encoding="UTF-8"?>
<testsuite name="com.mindex.challenge.ChallengeApplicationTests" tests="1" skipped="0" failures="0" errors="0" timestamp="2023-09-21T16:04:14" hostname="richards-mbp.lan" time="0.002">
  <properties/>
  <testcase name="contextLoads" classname="com.mindex.challenge.ChallengeApplicationTests" time="0.002"/>
  <system-out><![CDATA[2023-09-21 10:04:14.880  INFO 34548 --- [    Test worker] .b.t.c.SpringBootTestContextBootstrapper : Neither @ContextConfiguration nor @ContextHierarchy found for test class [com.mindex.challenge.ChallengeApplicationTests], using SpringBootContextLoader
2023-09-21 10:04:14.880  INFO 34548 --- [    Test worker] o.s.t.c.support.AbstractContextLoader    : Could not detect default resource locations for test class [com.mindex.challenge.ChallengeApplicationTests]: no resource found for suffixes {-context.xml, Context.groovy}.
2023-09-21 10:04:14.880  INFO 34548 --- [    Test worker] t.c.s.AnnotationConfigContextLoaderUtils : Could not detect default configuration classes for test class [com.mindex.challenge.ChallengeApplicationTests]: ChallengeApplicationTests does not declare any static, non-private, non-final, nested classes annotated with @Configuration.
2023-09-21 10:04:14.882  INFO 34548 --- [    Test worker] .b.t.c.SpringBootTestContextBootstrapper : Found @SpringBootConfiguration com.mindex.challenge.ChallengeApplication for test class com.mindex.challenge.ChallengeApplicationTests
2023-09-21 10:04:14.883  INFO 34548 --- [    Test worker] .b.t.c.SpringBootTestContextBootstrapper : Loaded default TestExecutionListener class names from location [META-INF/spring.factories]: [org.springframework.boot.test.autoconfigure.restdocs.RestDocsTestExecutionListener, org.springframework.boot.test.autoconfigure.web.client.MockRestServiceServerResetTestExecutionListener, org.springframework.boot.test.autoconfigure.web.servlet.MockMvcPrintOnlyOnFailureTestExecutionListener, org.springframework.boot.test.autoconfigure.web.servlet.WebDriverTestExecutionListener, org.springframework.boot.test.mock.mockito.MockitoTestExecutionListener, org.springframework.boot.test.mock.mockito.ResetMocksTestExecutionListener, org.springframework.test.context.web.ServletTestExecutionListener, org.springframework.test.context.support.DirtiesContextBeforeModesTestExecutionListener, org.springframework.test.context.support.DependencyInjectionTestExecutionListener, org.springframework.test.context.support.DirtiesContextTestExecutionListener, org.springframework.test.context.transaction.TransactionalTestExecutionListener, org.springframework.test.context.jdbc.SqlScriptsTestExecutionListener, org.springframework.test.context.event.EventPublishingTestExecutionListener]
2023-09-21 10:04:14.883  INFO 34548 --- [    Test worker] .b.t.c.SpringBootTestContextBootstrapper : Using TestExecutionListeners: [org.springframework.test.context.web.ServletTestExecutionListener@1f9d84e0, org.springframework.test.context.support.DirtiesContextBeforeModesTestExecutionListener@4747a8a1, org.springframework.boot.test.mock.mockito.MockitoTestExecutionListener@cea978b, org.springframework.boot.test.autoconfigure.SpringBootDependencyInjectionTestExecutionListener@18ade412, org.springframework.test.context.support.DirtiesContextTestExecutionListener@6b64c963, org.springframework.test.context.transaction.TransactionalTestExecutionListener@119c760e, org.springframework.test.context.jdbc.SqlScriptsTestExecutionListener@4912ed79, org.springframework.test.context.event.EventPublishingTestExecutionListener@3e680d3d, org.springframework.boot.test.autoconfigure.restdocs.RestDocsTestExecutionListener@738af442, org.springframework.boot.test.autoconfigure.web.client.MockRestServiceServerResetTestExecutionListener@154c03b, org.springframework.boot.test.autoconfigure.web.servlet.MockMvcPrintOnlyOnFailureTestExecutionListener@5f739c4d, org.springframework.boot.test.autoconfigure.web.servlet.WebDriverTestExecutionListener@210c737b, org.springframework.boot.test.mock.mockito.ResetMocksTestExecutionListener@580bbfc]
]]></system-out>
  <system-err><![CDATA[]]></system-err>
</testsuite>
